2026-02-10 13:17:05,473 [INFO] sip-bridge — PJSIP endpoint started
2026-02-10 13:17:05,476 [INFO] sip-bridge — SIP account created: 0033972360682@sip.ovh.fr
2026-02-10 13:17:05,476 [INFO] sip-bridge — SIP registering to sip.ovh.fr...
2026-02-10 13:17:05,477 [INFO] sip-bridge — =================================================================
2026-02-10 13:17:05,477 [INFO] sip-bridge —   SIP Bridge (Twilio-compatible)
2026-02-10 13:17:05,477 [INFO] sip-bridge — =================================================================
2026-02-10 13:17:05,477 [INFO] sip-bridge —   SIP       : 0033972360682@sip.ovh.fr
2026-02-10 13:17:05,477 [INFO] sip-bridge —   Transport : UDP
2026-02-10 13:17:05,477 [INFO] sip-bridge —   WS target : ws://localhost:5050/media-stream
2026-02-10 13:17:05,477 [INFO] sip-bridge —   API REST  : http://0.0.0.0:5060
2026-02-10 13:17:05,477 [INFO] sip-bridge —   Codec     : PCMU/8000
2026-02-10 13:17:05,477 [INFO] sip-bridge —   EC        : ON (200ms)
2026-02-10 13:17:05,477 [INFO] sip-bridge —   Max calls : 10
2026-02-10 13:17:05,477 [INFO] sip-bridge —   Params    : {'restaurantId': 'd7283e51-9206-4435-90c5-21afc9c762ff'}
2026-02-10 13:17:05,477 [INFO] sip-bridge — =================================================================
INFO:     Started server process [68442]
INFO:     Waiting for application startup.
INFO:     Application startup complete.
INFO:     Uvicorn running on http://0.0.0.0:5060 (Press CTRL+C to quit)
2026-02-10 13:17:05,599 [INFO] sip-bridge — SIP REGISTERED — sip:0033972360682@sip.ovh.fr (code 200, expires 295s)
Assertion failed: (!"Calling pjlib from unknown/external thread. You must " "register external threads with pj_thread_register() " "before calling any pjlib functions."), function pj_thread_this, file os_core_unix.c, line 859.
13:17:05.404         os_core_unix.c !pjlib 2.14.1 for POSIX initialized
13:17:05.405         sip_endpoint.c  .Creating endpoint instance...
13:17:05.406                  pjlib  .select() I/O Queue created (0xa5d0a8018)
13:17:05.406         sip_endpoint.c  .Module "mod-msg-print" registered
13:17:05.406        sip_transport.c  .Transport manager created.
13:17:05.406           pjsua_core.c  .PJSUA state changed: NULL --> CREATED
13:17:05.472           pjsua_core.c  .pjsua version 2.14.1 for Darwin-25.2/arm64 initialized
13:17:05.473           endpoint.cpp  pjsua_codec_set_priority(&codec_str, priority) error: Not found (PJ_ENOTFOUND) (status=70006) [../src/pjsua2/endpoint.cpp:2466]
13:17:05.538            pjsua_acc.c !....IP address change detected for account 0 (192.168.1.112:51903 --> 176.161.224.135:3706). Updating registration (using method 4)
13:17:05.599            pjsua_acc.c !....sip:0033972360682@sip.ovh.fr: registration success, status=200 (OK), will re-register in 300 seconds
13:18:57.064         os_core_unix.c !pjlib 2.14.1 for POSIX initialized
13:18:57.064         sip_endpoint.c  .Creating endpoint instance...
13:18:57.065                  pjlib  .select() I/O Queue created (0xa06cc8018)
13:18:57.065         sip_endpoint.c  .Module "mod-msg-print" registered
13:18:57.065        sip_transport.c  .Transport manager created.
13:18:57.065           pjsua_core.c  .PJSUA state changed: NULL --> CREATED
13:18:57.139           pjsua_core.c  .pjsua version 2.14.1 for Darwin-25.2/arm64 initialized
2026-02-10 13:18:57,140 [INFO] sip-bridge — PJSIP endpoint started
13:18:57.140           endpoint.cpp  pjsua_codec_set_priority(&codec_str, priority) error: Not found (PJ_ENOTFOUND) (status=70006) [../src/pjsua2/endpoint.cpp:2466]
2026-02-10 13:18:57,144 [INFO] sip-bridge — SIP account created: 0033972360682@sip.ovh.fr
2026-02-10 13:18:57,144 [INFO] sip-bridge — SIP registering to sip.ovh.fr...
2026-02-10 13:18:57,144 [INFO] sip-bridge — =================================================================
2026-02-10 13:18:57,144 [INFO] sip-bridge —   SIP Bridge (Twilio-compatible)
2026-02-10 13:18:57,144 [INFO] sip-bridge — =================================================================
2026-02-10 13:18:57,144 [INFO] sip-bridge —   SIP       : 0033972360682@sip.ovh.fr
2026-02-10 13:18:57,144 [INFO] sip-bridge —   Transport : UDP
2026-02-10 13:18:57,144 [INFO] sip-bridge —   WS target : ws://localhost:5050/media-stream
2026-02-10 13:18:57,144 [INFO] sip-bridge —   API REST  : http://0.0.0.0:5060
2026-02-10 13:18:57,144 [INFO] sip-bridge —   Codec     : PCMU/8000
2026-02-10 13:18:57,144 [INFO] sip-bridge —   EC        : ON (200ms)
2026-02-10 13:18:57,144 [INFO] sip-bridge —   Max calls : 10
2026-02-10 13:18:57,144 [INFO] sip-bridge —   Params    : {'restaurantId': 'd7283e51-9206-4435-90c5-21afc9c762ff'}
2026-02-10 13:18:57,144 [INFO] sip-bridge — =================================================================
INFO:     Started server process [68926]
INFO:     Waiting for application startup.
INFO:     Application startup complete.
INFO:     Uvicorn running on http://0.0.0.0:5060 (Press CTRL+C to quit)
13:18:57.234            pjsua_acc.c !....IP address change detected for account 0 (192.168.1.112:65450 --> 176.161.224.135:3727). Updating registration (using method 4)
13:18:57.308            pjsua_acc.c !....sip:0033972360682@sip.ovh.fr: registration success, status=200 (OK), will re-register in 300 seconds
2026-02-10 13:18:57,308 [INFO] sip-bridge — SIP REGISTERED — sip:0033972360682@sip.ovh.fr (code 200, expires 295s)
Assertion failed: (!"Calling pjlib from unknown/external thread. You must " "register external threads with pj_thread_register() " "before calling any pjlib functions."), function pj_thread_this, file os_core_unix.c, line 859.
13:20:50.553         os_core_unix.c !pjlib 2.14.1 for POSIX initialized
13:20:50.554         sip_endpoint.c  .Creating endpoint instance...
13:20:50.554                  pjlib  .select() I/O Queue created (0x891a12018)
13:20:50.554         sip_endpoint.c  .Module "mod-msg-print" registered
13:20:50.554        sip_transport.c  .Transport manager created.
13:20:50.554           pjsua_core.c  .PJSUA state changed: NULL --> CREATED
13:20:50.622           pjsua_core.c  .pjsua version 2.14.1 for Darwin-25.2/arm64 initialized
2026-02-10 13:20:50,623 [INFO] sip-bridge — PJSIP endpoint started
13:20:50.623           endpoint.cpp  pjsua_codec_set_priority(&codec_str, priority) error: Not found (PJ_ENOTFOUND) (status=70006) [../src/pjsua2/endpoint.cpp:2466]
2026-02-10 13:20:50,627 [INFO] sip-bridge — SIP account created: 0033972360682@sip.ovh.fr
2026-02-10 13:20:50,627 [INFO] sip-bridge — SIP registering to sip.ovh.fr...
2026-02-10 13:20:50,627 [INFO] sip-bridge — =================================================================
2026-02-10 13:20:50,627 [INFO] sip-bridge —   SIP Bridge (Twilio-compatible)
2026-02-10 13:20:50,627 [INFO] sip-bridge — =================================================================
2026-02-10 13:20:50,627 [INFO] sip-bridge —   SIP       : 0033972360682@sip.ovh.fr
2026-02-10 13:20:50,627 [INFO] sip-bridge —   Transport : UDP
2026-02-10 13:20:50,627 [INFO] sip-bridge —   WS target : ws://localhost:5051/media-stream
2026-02-10 13:20:50,627 [INFO] sip-bridge —   API REST  : http://0.0.0.0:5060
2026-02-10 13:20:50,627 [INFO] sip-bridge —   Codec     : PCMU/8000
2026-02-10 13:20:50,627 [INFO] sip-bridge —   EC        : ON (200ms)
2026-02-10 13:20:50,627 [INFO] sip-bridge —   Max calls : 10
2026-02-10 13:20:50,627 [INFO] sip-bridge —   Params    : {'restaurantId': 'd7283e51-9206-4435-90c5-21afc9c762ff'}
2026-02-10 13:20:50,627 [INFO] sip-bridge — =================================================================
INFO:     Started server process [69461]
INFO:     Waiting for application startup.
INFO:     Application startup complete.
INFO:     Uvicorn running on http://0.0.0.0:5060 (Press CTRL+C to quit)
13:20:50.689            pjsua_acc.c !....IP address change detected for account 0 (192.168.1.112:49901 --> 176.161.224.135:3676). Updating registration (using method 4)
13:20:50.761            pjsua_acc.c !....sip:0033972360682@sip.ovh.fr: registration success, status=200 (OK), will re-register in 300 seconds
2026-02-10 13:20:50,761 [INFO] sip-bridge — SIP REGISTERED — sip:0033972360682@sip.ovh.fr (code 200, expires 295s)
2026-02-10 13:21:15,738 [INFO] sip-bridge — Appel entrant: 0674911383 → 0972360682
2026-02-10 13:21:16,471 [INFO] sip-bridge — [3f465039] Audio actif — 0674911383 → 0972360682
2026-02-10 13:21:16,471 [INFO] sip-bridge — [3f465039] WS session → ws://localhost:5051/media-stream
2026-02-10 13:21:16,472 [INFO] sip-bridge — [3f465039] Call state: CONNECTING (SIP 200)
2026-02-10 13:21:16,514 [INFO] sip-bridge — [3f465039] Call state: CONFIRMED (SIP 200)
13:21:38.977          pjsua_media.c  .......
  [DISCONNECTED] To: "+33674911383" <sip:0674911383@sip.ovh.fr;user=phone>;tag=05306-LY-497dfc8d-2dcece886
    Call time: 00h:00m:22s, 1st res in 8 ms, conn in 782ms
    #0 audio PCMA @8kHz, sendrecv, peer=91.121.128.138:30420
       SRTP status: Not active Crypto-suite: 
       ICE role: Unknown, state: Candidate Gathering, comp_cnt: 2
       RX pt=8, last update:00h:00m:02.697s ago
          total 1.0Kpkt 174.7KB (218.4KB +IP hdr) @avg=60.1Kbps/75.1Kbps
          pkt loss=0 (0.0%), discrd=0 (0.0%), dup=0 (0.0%), reord=0 (0.0%)
                (msec)    min     avg     max     last    dev
          loss period:   0.000   0.000   0.000   0.000   0.000
          jitter     :   0.000   1.193   5.750   2.625   0.738
       TX pt=8, ptime=20, last update:never
          total 825pkt 132.0KB (165.0KB +IP hdr) @avg=45.4Kbps/56.8Kbps
          pkt loss=0 (0.0%), dup=0 (0.0%), reorder=0 (0.0%)
                (msec)    min     avg     max     last    dev 
          loss period:   0.000   0.000   0.000   0.000   0.000
          jitter     :   0.000   0.000   0.000   0.000   0.000
       RTT msec      :   0.000   0.000   0.000   0.000   0.000
2026-02-10 13:21:38,978 [INFO] sip-bridge — [3f465039] Call state: DISCONNECTED (SIP 200)
2026-02-10 13:21:38,990 [INFO] sip-bridge — [3f465039] WS session ended — no active SIP call to hangup
2026-02-10 13:21:38,990 [INFO] sip-bridge — [3f465039] Session terminée
13:25:45.808            pjsua_acc.c  ....sip:0033972360682@sip.ovh.fr: registration success, status=200 (OK), will re-register in 300 seconds
2026-02-10 13:25:45,808 [INFO] sip-bridge — SIP REGISTERED — sip:0033972360682@sip.ovh.fr (code 200, expires 295s)
13:30:40.870            pjsua_acc.c !....sip:0033972360682@sip.ovh.fr: registration success, status=200 (OK), will re-register in 300 seconds
2026-02-10 13:30:40,871 [INFO] sip-bridge — SIP REGISTERED — sip:0033972360682@sip.ovh.fr (code 200, expires 294s)
13:35:35.932            pjsua_acc.c  ....sip:0033972360682@sip.ovh.fr: registration success, status=200 (OK), will re-register in 300 seconds
2026-02-10 13:35:35,934 [INFO] sip-bridge — SIP REGISTERED — sip:0033972360682@sip.ovh.fr (code 200, expires 294s)
13:40:30.983            pjsua_acc.c  ....sip:0033972360682@sip.ovh.fr: registration success, status=200 (OK), will re-register in 300 seconds
2026-02-10 13:40:30,984 [INFO] sip-bridge — SIP REGISTERED — sip:0033972360682@sip.ovh.fr (code 200, expires 294s)
2026-02-10 13:42:02,872 [INFO] sip-bridge — Appel entrant: 0674911383 → 0972360682
2026-02-10 13:42:03,552 [INFO] sip-bridge — [0aaf2c92] Audio actif — 0674911383 → 0972360682
2026-02-10 13:42:03,552 [INFO] sip-bridge — [0aaf2c92] WS session → ws://localhost:5051/media-stream
2026-02-10 13:42:03,552 [INFO] sip-bridge — [0aaf2c92] Call state: CONNECTING (SIP 200)
2026-02-10 13:42:03,616 [INFO] sip-bridge — [0aaf2c92] Call state: CONFIRMED (SIP 200)
2026-02-10 13:43:20,744 [INFO] sip-bridge — [0aaf2c92] ws→sip: STOP event received — will hangup SIP
2026-02-10 13:43:21,614 [INFO] sip-bridge — [0aaf2c92] WS session ended — sending SIP BYE (hangup)
13:43:21.615          pjsua_media.c !..
  [CONFIRMED] To: "+33674911383" <sip:0674911383@sip.ovh.fr;user=phone>;tag=04825-TP-498612c0-5b2475405
    Call time: 00h:01m:17s, 1st res in 3 ms, conn in 745ms
    #0 audio PCMA @8kHz, sendrecv, peer=91.121.129.141:37180
       SRTP status: Not active Crypto-suite: 
       ICE role: Unknown, state: Candidate Gathering, comp_cnt: 2
       RX pt=8, last update:00h:00m:04.224s ago
          total 3.8Kpkt 618.7KB (773.4KB +IP hdr) @avg=62.8Kbps/78.5Kbps
          pkt loss=0 (0.0%), discrd=0 (0.0%), dup=0 (0.0%), reord=0 (0.0%)
                (msec)    min     avg     max     last    dev
          loss period:   0.000   0.000   0.000   0.000   0.000
          jitter     :   0.000   1.354  10.875   1.125   1.303
       TX pt=8, ptime=20, last update:never
          total 3.1Kpkt 496.8KB (621.0KB +IP hdr) @avg=50.4Kbps/63.0Kbps
          pkt loss=0 (0.0%), dup=0 (0.0%), reorder=0 (0.0%)
                (msec)    min     avg     max     last    dev 
          loss period:   0.000   0.000   0.000   0.000   0.000
          jitter     :   0.000   0.000   0.000   0.000   0.000
       RTT msec      :   0.000   0.000   0.000   0.000   0.000
2026-02-10 13:43:21,615 [INFO] sip-bridge — [0aaf2c92] Call state: DISCONNECTED (SIP 200)
2026-02-10 13:43:21,616 [INFO] sip-bridge — [0aaf2c92] SIP hangup sent
13:45:26.036            pjsua_acc.c !....sip:0033972360682@sip.ovh.fr: registration success, status=200 (OK), will re-register in 300 seconds
2026-02-10 13:45:26,038 [INFO] sip-bridge — SIP REGISTERED — sip:0033972360682@sip.ovh.fr (code 200, expires 294s)
13:50:21.092            pjsua_acc.c  ....sip:0033972360682@sip.ovh.fr: registration success, status=200 (OK), will re-register in 300 seconds
2026-02-10 13:50:21,092 [INFO] sip-bridge — SIP REGISTERED — sip:0033972360682@sip.ovh.fr (code 200, expires 295s)
13:55:16.289            pjsua_acc.c !....sip:0033972360682@sip.ovh.fr: registration success, status=200 (OK), will re-register in 300 seconds
2026-02-10 13:55:16,289 [INFO] sip-bridge — SIP REGISTERED — sip:0033972360682@sip.ovh.fr (code 200, expires 295s)
14:00:11.344            pjsua_acc.c !....sip:0033972360682@sip.ovh.fr: registration success, status=200 (OK), will re-register in 300 seconds
2026-02-10 14:00:11,346 [INFO] sip-bridge — SIP REGISTERED — sip:0033972360682@sip.ovh.fr (code 200, expires 294s)
14:05:06.715            pjsua_acc.c !....sip:0033972360682@sip.ovh.fr: registration success, status=200 (OK), will re-register in 300 seconds
2026-02-10 14:05:06,717 [INFO] sip-bridge — SIP REGISTERED — sip:0033972360682@sip.ovh.fr (code 200, expires 294s)
INFO:     Shutting down
INFO:     Waiting for application shutdown.
INFO:     Application shutdown complete.
INFO:     Finished server process [69461]
2026-02-10 14:09:00,974 [INFO] sip-bridge — Bye.
14:09:04.918         os_core_unix.c !pjlib 2.14.1 for POSIX initialized
14:09:04.918         sip_endpoint.c  .Creating endpoint instance...
14:09:04.918                  pjlib  .select() I/O Queue created (0x7efc06018)
14:09:04.918         sip_endpoint.c  .Module "mod-msg-print" registered
14:09:04.918        sip_transport.c  .Transport manager created.
14:09:04.918           pjsua_core.c  .PJSUA state changed: NULL --> CREATED
14:09:04.983           pjsua_core.c  .pjsua version 2.14.1 for Darwin-25.2/arm64 initialized
2026-02-10 14:09:04,984 [INFO] sip-bridge — PJSIP endpoint started
14:09:04.984           endpoint.cpp  pjsua_codec_set_priority(&codec_str, priority) error: Not found (PJ_ENOTFOUND) (status=70006) [../src/pjsua2/endpoint.cpp:2466]
2026-02-10 14:09:04,986 [INFO] sip-bridge — SIP account created: 0033972360682@sip.ovh.fr
2026-02-10 14:09:04,986 [INFO] sip-bridge — SIP registering to sip.ovh.fr...
2026-02-10 14:09:04,986 [INFO] sip-bridge — =================================================================
2026-02-10 14:09:04,986 [INFO] sip-bridge —   SIP Bridge (Twilio-compatible)
2026-02-10 14:09:04,986 [INFO] sip-bridge — =================================================================
2026-02-10 14:09:04,986 [INFO] sip-bridge —   SIP       : 0033972360682@sip.ovh.fr
2026-02-10 14:09:04,986 [INFO] sip-bridge —   Transport : UDP
2026-02-10 14:09:04,986 [INFO] sip-bridge —   WS target : ws://localhost:5051/media-stream
2026-02-10 14:09:04,986 [INFO] sip-bridge —   API REST  : http://0.0.0.0:5060
2026-02-10 14:09:04,986 [INFO] sip-bridge —   Codec     : PCMU/8000
2026-02-10 14:09:04,986 [INFO] sip-bridge —   EC        : ON (200ms)
2026-02-10 14:09:04,986 [INFO] sip-bridge —   Max calls : 10
2026-02-10 14:09:04,986 [INFO] sip-bridge —   Params    : {'restaurantId': 'd7283e51-9206-4435-90c5-21afc9c762ff'}
2026-02-10 14:09:04,986 [INFO] sip-bridge — =================================================================
INFO:     Started server process [76707]
INFO:     Waiting for application startup.
INFO:     Application startup complete.
INFO:     Uvicorn running on http://0.0.0.0:5060 (Press CTRL+C to quit)
14:09:05.032            pjsua_acc.c  ....IP address change detected for account 0 (192.168.1.112:63223 --> 176.161.224.135:3781). Updating registration (using method 4)
14:09:05.114            pjsua_acc.c  ....sip:0033972360682@sip.ovh.fr: registration success, status=200 (OK), will re-register in 300 seconds
2026-02-10 14:09:05,114 [INFO] sip-bridge — SIP REGISTERED — sip:0033972360682@sip.ovh.fr (code 200, expires 295s)
2026-02-10 14:09:19,262 [INFO] sip-bridge — Appel entrant: 0674911383 → 0972360682
2026-02-10 14:09:19,950 [INFO] sip-bridge — [96646c03] Audio actif — 0674911383 → 0972360682
2026-02-10 14:09:19,950 [INFO] sip-bridge — [96646c03] WS session → ws://localhost:5051/media-stream
2026-02-10 14:09:19,950 [INFO] sip-bridge — [96646c03] Call state: CONNECTING (SIP 200)
2026-02-10 14:09:19,998 [INFO] sip-bridge — [96646c03] Call state: CONFIRMED (SIP 200)
2026-02-10 14:10:30,086 [INFO] sip-bridge — [96646c03] ws→sip: STOP event received — will hangup SIP
2026-02-10 14:10:30,987 [INFO] sip-bridge — [96646c03] WS session ended — sending SIP BYE (hangup)
14:10:30.987          pjsua_media.c !..
  [CONFIRMED] To: "+33674911383" <sip:0674911383@sip.ovh.fr;user=phone>;tag=10088-CL-49929587-590087096
    Call time: 00h:01m:10s, 1st res in 8 ms, conn in 738ms
    #0 audio PCMA @8kHz, sendrecv, peer=91.121.128.137:32510
       SRTP status: Not active Crypto-suite: 
       ICE role: Unknown, state: Candidate Gathering, comp_cnt: 2
       RX pt=8, last update:00h:00m:00.495s ago
          total 3.5Kpkt 563.5KB (704.4KB +IP hdr) @avg=62.8Kbps/78.5Kbps
          pkt loss=0 (0.0%), discrd=0 (0.0%), dup=0 (0.0%), reord=0 (0.0%)
                (msec)    min     avg     max     last    dev
          loss period:   0.000   0.000   0.000   0.000   0.000
          jitter     :   0.000   0.947   6.250   0.375   0.776
       TX pt=8, ptime=20, last update:never
          total 2.4Kpkt 399.6KB (499.6KB +IP hdr) @avg=44.5Kbps/55.7Kbps
          pkt loss=0 (0.0%), dup=0 (0.0%), reorder=0 (0.0%)
                (msec)    min     avg     max     last    dev 
          loss period:   0.000   0.000   0.000   0.000   0.000
          jitter     :   0.000   0.000   0.000   0.000   0.000
       RTT msec      :   0.000   0.000   0.000   0.000   0.000
2026-02-10 14:10:30,988 [INFO] sip-bridge — [96646c03] Call state: DISCONNECTED (SIP 200)
2026-02-10 14:10:30,988 [INFO] sip-bridge — [96646c03] SIP hangup sent
Assertion failed: (!"Calling pjlib from unknown/external thread. You must " "register external threads with pj_thread_register() " "before calling any pjlib functions."), function pj_thread_this, file os_core_unix.c, line 859.
14:11:06.067         os_core_unix.c !pjlib 2.14.1 for POSIX initialized
14:11:06.067         sip_endpoint.c  .Creating endpoint instance...
14:11:06.067                  pjlib  .select() I/O Queue created (0x83a156018)
14:11:06.067         sip_endpoint.c  .Module "mod-msg-print" registered
14:11:06.067        sip_transport.c  .Transport manager created.
14:11:06.067           pjsua_core.c  .PJSUA state changed: NULL --> CREATED
14:11:06.132           pjsua_core.c  .pjsua version 2.14.1 for Darwin-25.2/arm64 initialized
2026-02-10 14:11:06,132 [INFO] sip-bridge — PJSIP endpoint started
14:11:06.132           endpoint.cpp  pjsua_codec_set_priority(&codec_str, priority) error: Not found (PJ_ENOTFOUND) (status=70006) [../src/pjsua2/endpoint.cpp:2466]
2026-02-10 14:11:06,134 [INFO] sip-bridge — SIP account created: 0033972360682@sip.ovh.fr
2026-02-10 14:11:06,134 [INFO] sip-bridge — SIP registering to sip.ovh.fr...
2026-02-10 14:11:06,134 [INFO] sip-bridge — =================================================================
2026-02-10 14:11:06,134 [INFO] sip-bridge —   SIP Bridge (Twilio-compatible)
2026-02-10 14:11:06,134 [INFO] sip-bridge — =================================================================
2026-02-10 14:11:06,134 [INFO] sip-bridge —   SIP       : 0033972360682@sip.ovh.fr
2026-02-10 14:11:06,134 [INFO] sip-bridge —   Transport : UDP
2026-02-10 14:11:06,134 [INFO] sip-bridge —   WS target : ws://localhost:5051/media-stream
2026-02-10 14:11:06,134 [INFO] sip-bridge —   API REST  : http://0.0.0.0:5060
2026-02-10 14:11:06,134 [INFO] sip-bridge —   Codec     : PCMU/8000
2026-02-10 14:11:06,134 [INFO] sip-bridge —   EC        : ON (200ms)
2026-02-10 14:11:06,134 [INFO] sip-bridge —   Max calls : 10
2026-02-10 14:11:06,134 [INFO] sip-bridge —   Params    : {'restaurantId': 'd7283e51-9206-4435-90c5-21afc9c762ff'}
2026-02-10 14:11:06,134 [INFO] sip-bridge — =================================================================
INFO:     Started server process [76993]
INFO:     Waiting for application startup.
INFO:     Application startup complete.
INFO:     Uvicorn running on http://0.0.0.0:5060 (Press CTRL+C to quit)
14:11:06.240            pjsua_acc.c  ....IP address change detected for account 0 (192.168.1.112:58438 --> 176.161.224.135:3693). Updating registration (using method 4)
14:11:06.349            pjsua_acc.c !....sip:0033972360682@sip.ovh.fr: registration success, status=200 (OK), will re-register in 300 seconds
2026-02-10 14:11:06,349 [INFO] sip-bridge — SIP REGISTERED — sip:0033972360682@sip.ovh.fr (code 200, expires 295s)
14:16:01.403            pjsua_acc.c  ....sip:0033972360682@sip.ovh.fr: registration success, status=200 (OK), will re-register in 300 seconds
2026-02-10 14:16:01,404 [INFO] sip-bridge — SIP REGISTERED — sip:0033972360682@sip.ovh.fr (code 200, expires 294s)
14:20:56.461            pjsua_acc.c  ....sip:0033972360682@sip.ovh.fr: registration success, status=200 (OK), will re-register in 300 seconds
2026-02-10 14:20:56,462 [INFO] sip-bridge — SIP REGISTERED — sip:0033972360682@sip.ovh.fr (code 200, expires 294s)
14:25:51.516            pjsua_acc.c  ....sip:0033972360682@sip.ovh.fr: registration success, status=200 (OK), will re-register in 300 seconds
2026-02-10 14:25:51,516 [INFO] sip-bridge — SIP REGISTERED — sip:0033972360682@sip.ovh.fr (code 200, expires 294s)
14:30:46.575            pjsua_acc.c !....sip:0033972360682@sip.ovh.fr: registration success, status=200 (OK), will re-register in 300 seconds
2026-02-10 14:30:46,577 [INFO] sip-bridge — SIP REGISTERED — sip:0033972360682@sip.ovh.fr (code 200, expires 294s)
14:35:41.643            pjsua_acc.c  ....sip:0033972360682@sip.ovh.fr: registration success, status=200 (OK), will re-register in 300 seconds
2026-02-10 14:35:41,644 [INFO] sip-bridge — SIP REGISTERED — sip:0033972360682@sip.ovh.fr (code 200, expires 294s)
14:40:36.714            pjsua_acc.c !....sip:0033972360682@sip.ovh.fr: registration success, status=200 (OK), will re-register in 300 seconds
2026-02-10 14:40:36,717 [INFO] sip-bridge — SIP REGISTERED — sip:0033972360682@sip.ovh.fr (code 200, expires 294s)
14:45:31.870            pjsua_acc.c !....sip:0033972360682@sip.ovh.fr: registration success, status=200 (OK), will re-register in 300 seconds
2026-02-10 14:45:31,874 [INFO] sip-bridge — SIP REGISTERED — sip:0033972360682@sip.ovh.fr (code 200, expires 294s)
14:50:26.935            pjsua_acc.c  ....sip:0033972360682@sip.ovh.fr: registration success, status=200 (OK), will re-register in 300 seconds
2026-02-10 14:50:26,935 [INFO] sip-bridge — SIP REGISTERED — sip:0033972360682@sip.ovh.fr (code 200, expires 295s)
14:55:22.039            pjsua_acc.c !....sip:0033972360682@sip.ovh.fr: registration success, status=200 (OK), will re-register in 300 seconds
2026-02-10 14:55:22,041 [INFO] sip-bridge — SIP REGISTERED — sip:0033972360682@sip.ovh.fr (code 200, expires 294s)
15:00:17.092            pjsua_acc.c  ....sip:0033972360682@sip.ovh.fr: registration success, status=200 (OK), will re-register in 300 seconds
2026-02-10 15:00:17,093 [INFO] sip-bridge — SIP REGISTERED — sip:0033972360682@sip.ovh.fr (code 200, expires 294s)
15:05:12.184            pjsua_acc.c  ....sip:0033972360682@sip.ovh.fr: registration success, status=200 (OK), will re-register in 300 seconds
2026-02-10 15:05:12,185 [INFO] sip-bridge — SIP REGISTERED — sip:0033972360682@sip.ovh.fr (code 200, expires 294s)
15:10:07.243            pjsua_acc.c  ....sip:0033972360682@sip.ovh.fr: registration success, status=200 (OK), will re-register in 300 seconds
2026-02-10 15:10:07,245 [INFO] sip-bridge — SIP REGISTERED — sip:0033972360682@sip.ovh.fr (code 200, expires 294s)
15:15:02.295            pjsua_acc.c  ....sip:0033972360682@sip.ovh.fr: registration success, status=200 (OK), will re-register in 300 seconds
2026-02-10 15:15:02,296 [INFO] sip-bridge — SIP REGISTERED — sip:0033972360682@sip.ovh.fr (code 200, expires 295s)
15:19:57.417            pjsua_acc.c !....sip:0033972360682@sip.ovh.fr: registration success, status=200 (OK), will re-register in 300 seconds
2026-02-10 15:19:57,417 [INFO] sip-bridge — SIP REGISTERED — sip:0033972360682@sip.ovh.fr (code 200, expires 295s)
15:24:52.484            pjsua_acc.c !....sip:0033972360682@sip.ovh.fr: registration success, status=200 (OK), will re-register in 300 seconds
2026-02-10 15:24:52,486 [INFO] sip-bridge — SIP REGISTERED — sip:0033972360682@sip.ovh.fr (code 200, expires 294s)
15:29:47.538            pjsua_acc.c !....sip:0033972360682@sip.ovh.fr: registration success, status=200 (OK), will re-register in 300 seconds
2026-02-10 15:29:47,540 [INFO] sip-bridge — SIP REGISTERED — sip:0033972360682@sip.ovh.fr (code 200, expires 294s)
15:34:42.583            pjsua_acc.c !....sip:0033972360682@sip.ovh.fr: registration success, status=200 (OK), will re-register in 300 seconds
2026-02-10 15:34:42,584 [INFO] sip-bridge — SIP REGISTERED — sip:0033972360682@sip.ovh.fr (code 200, expires 294s)
15:39:37.637            pjsua_acc.c !....sip:0033972360682@sip.ovh.fr: registration success, status=200 (OK), will re-register in 300 seconds
2026-02-10 15:39:37,638 [INFO] sip-bridge — SIP REGISTERED — sip:0033972360682@sip.ovh.fr (code 200, expires 294s)
15:44:32.700            pjsua_acc.c  ....sip:0033972360682@sip.ovh.fr: registration success, status=200 (OK), will re-register in 300 seconds
2026-02-10 15:44:32,701 [INFO] sip-bridge — SIP REGISTERED — sip:0033972360682@sip.ovh.fr (code 200, expires 294s)
15:49:27.746            pjsua_acc.c  ....sip:0033972360682@sip.ovh.fr: registration success, status=200 (OK), will re-register in 300 seconds
2026-02-10 15:49:27,747 [INFO] sip-bridge — SIP REGISTERED — sip:0033972360682@sip.ovh.fr (code 200, expires 294s)
15:54:22.957            pjsua_acc.c !....sip:0033972360682@sip.ovh.fr: registration success, status=200 (OK), will re-register in 300 seconds
2026-02-10 15:54:22,958 [INFO] sip-bridge — SIP REGISTERED — sip:0033972360682@sip.ovh.fr (code 200, expires 294s)
15:59:18.020            pjsua_acc.c  ....sip:0033972360682@sip.ovh.fr: registration success, status=200 (OK), will re-register in 300 seconds
2026-02-10 15:59:18,022 [INFO] sip-bridge — SIP REGISTERED — sip:0033972360682@sip.ovh.fr (code 200, expires 294s)
16:04:13.072            pjsua_acc.c  ....sip:0033972360682@sip.ovh.fr: registration success, status=200 (OK), will re-register in 300 seconds
2026-02-10 16:04:13,074 [INFO] sip-bridge — SIP REGISTERED — sip:0033972360682@sip.ovh.fr (code 200, expires 294s)
16:09:08.257            pjsua_acc.c  ....sip:0033972360682@sip.ovh.fr: registration success, status=200 (OK), will re-register in 300 seconds
2026-02-10 16:09:08,259 [INFO] sip-bridge — SIP REGISTERED — sip:0033972360682@sip.ovh.fr (code 200, expires 294s)
16:14:03.305            pjsua_acc.c !....sip:0033972360682@sip.ovh.fr: registration success, status=200 (OK), will re-register in 300 seconds
2026-02-10 16:14:03,306 [INFO] sip-bridge — SIP REGISTERED — sip:0033972360682@sip.ovh.fr (code 200, expires 294s)
16:18:58.367            pjsua_acc.c !....sip:0033972360682@sip.ovh.fr: registration success, status=200 (OK), will re-register in 300 seconds
2026-02-10 16:18:58,367 [INFO] sip-bridge — SIP REGISTERED — sip:0033972360682@sip.ovh.fr (code 200, expires 295s)
16:23:53.420            pjsua_acc.c !....sip:0033972360682@sip.ovh.fr: registration success, status=200 (OK), will re-register in 300 seconds
2026-02-10 16:23:53,421 [INFO] sip-bridge — SIP REGISTERED — sip:0033972360682@sip.ovh.fr (code 200, expires 294s)
16:28:48.570            pjsua_acc.c  ....sip:0033972360682@sip.ovh.fr: registration success, status=200 (OK), will re-register in 300 seconds
2026-02-10 16:28:48,572 [INFO] sip-bridge — SIP REGISTERED — sip:0033972360682@sip.ovh.fr (code 200, expires 294s)
16:33:43.633            pjsua_acc.c !....sip:0033972360682@sip.ovh.fr: registration success, status=200 (OK), will re-register in 300 seconds
2026-02-10 16:33:43,635 [INFO] sip-bridge — SIP REGISTERED — sip:0033972360682@sip.ovh.fr (code 200, expires 294s)
16:38:38.693            pjsua_acc.c !....sip:0033972360682@sip.ovh.fr: registration success, status=200 (OK), will re-register in 300 seconds
2026-02-10 16:38:38,695 [INFO] sip-bridge — SIP REGISTERED — sip:0033972360682@sip.ovh.fr (code 200, expires 294s)
16:43:33.770            pjsua_acc.c  ....sip:0033972360682@sip.ovh.fr: registration success, status=200 (OK), will re-register in 300 seconds
2026-02-10 16:43:33,772 [INFO] sip-bridge — SIP REGISTERED — sip:0033972360682@sip.ovh.fr (code 200, expires 294s)
16:48:28.832            pjsua_acc.c !....sip:0033972360682@sip.ovh.fr: registration success, status=200 (OK), will re-register in 300 seconds
2026-02-10 16:48:28,833 [INFO] sip-bridge — SIP REGISTERED — sip:0033972360682@sip.ovh.fr (code 200, expires 294s)
16:53:23.918            pjsua_acc.c  ....sip:0033972360682@sip.ovh.fr: registration success, status=200 (OK), will re-register in 300 seconds
2026-02-10 16:53:23,919 [INFO] sip-bridge — SIP REGISTERED — sip:0033972360682@sip.ovh.fr (code 200, expires 294s)
16:58:18.981            pjsua_acc.c  ....sip:0033972360682@sip.ovh.fr: registration success, status=200 (OK), will re-register in 300 seconds
2026-02-10 16:58:18,982 [INFO] sip-bridge — SIP REGISTERED — sip:0033972360682@sip.ovh.fr (code 200, expires 294s)
17:03:14.146            pjsua_acc.c  ....sip:0033972360682@sip.ovh.fr: registration success, status=200 (OK), will re-register in 300 seconds
2026-02-10 17:03:14,149 [INFO] sip-bridge — SIP REGISTERED — sip:0033972360682@sip.ovh.fr (code 200, expires 294s)
17:08:09.264            pjsua_acc.c !....sip:0033972360682@sip.ovh.fr: registration success, status=200 (OK), will re-register in 300 seconds
2026-02-10 17:08:09,266 [INFO] sip-bridge — SIP REGISTERED — sip:0033972360682@sip.ovh.fr (code 200, expires 294s)
17:13:04.324            pjsua_acc.c !....sip:0033972360682@sip.ovh.fr: registration success, status=200 (OK), will re-register in 300 seconds
2026-02-10 17:13:04,326 [INFO] sip-bridge — SIP REGISTERED — sip:0033972360682@sip.ovh.fr (code 200, expires 294s)
17:17:59.373            pjsua_acc.c !....sip:0033972360682@sip.ovh.fr: registration success, status=200 (OK), will re-register in 300 seconds
2026-02-10 17:17:59,375 [INFO] sip-bridge — SIP REGISTERED — sip:0033972360682@sip.ovh.fr (code 200, expires 294s)
17:22:54.443            pjsua_acc.c !....sip:0033972360682@sip.ovh.fr: registration success, status=200 (OK), will re-register in 300 seconds
2026-02-10 17:22:54,445 [INFO] sip-bridge — SIP REGISTERED — sip:0033972360682@sip.ovh.fr (code 200, expires 294s)
17:27:49.500            pjsua_acc.c  ....sip:0033972360682@sip.ovh.fr: registration success, status=200 (OK), will re-register in 300 seconds
2026-02-10 17:27:49,501 [INFO] sip-bridge — SIP REGISTERED — sip:0033972360682@sip.ovh.fr (code 200, expires 294s)
17:32:44.564            pjsua_acc.c !....sip:0033972360682@sip.ovh.fr: registration success, status=200 (OK), will re-register in 300 seconds
2026-02-10 17:32:44,566 [INFO] sip-bridge — SIP REGISTERED — sip:0033972360682@sip.ovh.fr (code 200, expires 294s)
17:37:39.718            pjsua_acc.c  ....sip:0033972360682@sip.ovh.fr: registration success, status=200 (OK), will re-register in 300 seconds
2026-02-10 17:37:39,720 [INFO] sip-bridge — SIP REGISTERED — sip:0033972360682@sip.ovh.fr (code 200, expires 294s)
17:42:34.780            pjsua_acc.c !....sip:0033972360682@sip.ovh.fr: registration success, status=200 (OK), will re-register in 300 seconds
2026-02-10 17:42:34,781 [INFO] sip-bridge — SIP REGISTERED — sip:0033972360682@sip.ovh.fr (code 200, expires 294s)
17:47:29.839            pjsua_acc.c !....sip:0033972360682@sip.ovh.fr: registration success, status=200 (OK), will re-register in 300 seconds
2026-02-10 17:47:29,841 [INFO] sip-bridge — SIP REGISTERED — sip:0033972360682@sip.ovh.fr (code 200, expires 294s)
17:52:24.936            pjsua_acc.c !....sip:0033972360682@sip.ovh.fr: registration success, status=200 (OK), will re-register in 300 seconds
2026-02-10 17:52:24,937 [INFO] sip-bridge — SIP REGISTERED — sip:0033972360682@sip.ovh.fr (code 200, expires 294s)
17:57:20.004            pjsua_acc.c  ....sip:0033972360682@sip.ovh.fr: registration success, status=200 (OK), will re-register in 300 seconds
2026-02-10 17:57:20,004 [INFO] sip-bridge — SIP REGISTERED — sip:0033972360682@sip.ovh.fr (code 200, expires 295s)
18:02:15.057            pjsua_acc.c  ....sip:0033972360682@sip.ovh.fr: registration success, status=200 (OK), will re-register in 300 seconds
2026-02-10 18:02:15,058 [INFO] sip-bridge — SIP REGISTERED — sip:0033972360682@sip.ovh.fr (code 200, expires 294s)
18:07:10.114            pjsua_acc.c  ....sip:0033972360682@sip.ovh.fr: registration success, status=200 (OK), will re-register in 300 seconds
2026-02-10 18:07:10,115 [INFO] sip-bridge — SIP REGISTERED — sip:0033972360682@sip.ovh.fr (code 200, expires 295s)
18:12:05.241            pjsua_acc.c  ....sip:0033972360682@sip.ovh.fr: registration success, status=200 (OK), will re-register in 300 seconds
2026-02-10 18:12:05,242 [INFO] sip-bridge — SIP REGISTERED — sip:0033972360682@sip.ovh.fr (code 200, expires 294s)
18:17:00.366            pjsua_acc.c  ....sip:0033972360682@sip.ovh.fr: registration success, status=200 (OK), will re-register in 300 seconds
2026-02-10 18:17:00,368 [INFO] sip-bridge — SIP REGISTERED — sip:0033972360682@sip.ovh.fr (code 200, expires 294s)
18:21:55.427            pjsua_acc.c !....sip:0033972360682@sip.ovh.fr: registration success, status=200 (OK), will re-register in 300 seconds
2026-02-10 18:21:55,427 [INFO] sip-bridge — SIP REGISTERED — sip:0033972360682@sip.ovh.fr (code 200, expires 295s)
18:26:50.474            pjsua_acc.c  ....sip:0033972360682@sip.ovh.fr: registration success, status=200 (OK), will re-register in 300 seconds
2026-02-10 18:26:50,475 [INFO] sip-bridge — SIP REGISTERED — sip:0033972360682@sip.ovh.fr (code 200, expires 294s)
18:31:45.532            pjsua_acc.c  ....sip:0033972360682@sip.ovh.fr: registration success, status=200 (OK), will re-register in 300 seconds
2026-02-10 18:31:45,533 [INFO] sip-bridge — SIP REGISTERED — sip:0033972360682@sip.ovh.fr (code 200, expires 294s)
18:36:40.595            pjsua_acc.c !....sip:0033972360682@sip.ovh.fr: registration success, status=200 (OK), will re-register in 300 seconds
2026-02-10 18:36:40,596 [INFO] sip-bridge — SIP REGISTERED — sip:0033972360682@sip.ovh.fr (code 200, expires 294s)
18:41:35.654            pjsua_acc.c  ....sip:0033972360682@sip.ovh.fr: registration success, status=200 (OK), will re-register in 300 seconds
2026-02-10 18:41:35,655 [INFO] sip-bridge — SIP REGISTERED — sip:0033972360682@sip.ovh.fr (code 200, expires 294s)
18:46:30.885            pjsua_acc.c  ....sip:0033972360682@sip.ovh.fr: registration success, status=200 (OK), will re-register in 300 seconds
2026-02-10 18:46:30,885 [INFO] sip-bridge — SIP REGISTERED — sip:0033972360682@sip.ovh.fr (code 200, expires 295s)
18:51:25.995            pjsua_acc.c  ....sip:0033972360682@sip.ovh.fr: registration success, status=200 (OK), will re-register in 300 seconds
2026-02-10 18:51:25,996 [INFO] sip-bridge — SIP REGISTERED — sip:0033972360682@sip.ovh.fr (code 200, expires 294s)
18:56:21.064            pjsua_acc.c  ....sip:0033972360682@sip.ovh.fr: registration success, status=200 (OK), will re-register in 300 seconds
2026-02-10 18:56:21,065 [INFO] sip-bridge — SIP REGISTERED — sip:0033972360682@sip.ovh.fr (code 200, expires 294s)
19:01:16.113            pjsua_acc.c !....sip:0033972360682@sip.ovh.fr: registration success, status=200 (OK), will re-register in 300 seconds
2026-02-10 19:01:16,115 [INFO] sip-bridge — SIP REGISTERED — sip:0033972360682@sip.ovh.fr (code 200, expires 294s)
19:06:11.173            pjsua_acc.c  ....sip:0033972360682@sip.ovh.fr: registration success, status=200 (OK), will re-register in 300 seconds
2026-02-10 19:06:11,174 [INFO] sip-bridge — SIP REGISTERED — sip:0033972360682@sip.ovh.fr (code 200, expires 294s)
19:11:06.409            pjsua_acc.c !....sip:0033972360682@sip.ovh.fr: registration success, status=200 (OK), will re-register in 300 seconds
2026-02-10 19:11:06,409 [INFO] sip-bridge — SIP REGISTERED — sip:0033972360682@sip.ovh.fr (code 200, expires 295s)
19:16:01.541            pjsua_acc.c !....sip:0033972360682@sip.ovh.fr: registration success, status=200 (OK), will re-register in 300 seconds
2026-02-10 19:16:01,542 [INFO] sip-bridge — SIP REGISTERED — sip:0033972360682@sip.ovh.fr (code 200, expires 294s)
19:20:56.705            pjsua_acc.c  ....sip:0033972360682@sip.ovh.fr: registration success, status=200 (OK), will re-register in 300 seconds
2026-02-10 19:20:56,706 [INFO] sip-bridge — SIP REGISTERED — sip:0033972360682@sip.ovh.fr (code 200, expires 294s)
19:25:51.767            pjsua_acc.c  ....sip:0033972360682@sip.ovh.fr: registration success, status=200 (OK), will re-register in 300 seconds
2026-02-10 19:25:51,768 [INFO] sip-bridge — SIP REGISTERED — sip:0033972360682@sip.ovh.fr (code 200, expires 295s)
19:30:46.861            pjsua_acc.c !....IP address change detected for account 0 (176.161.224.135:3693 --> 176.161.224.135:5229). Updating registration (using method 4)
19:30:46.964            pjsua_acc.c  ....sip:0033972360682@sip.ovh.fr: registration success, status=200 (OK), will re-register in 300 seconds
2026-02-10 19:30:46,964 [INFO] sip-bridge — SIP REGISTERED — sip:0033972360682@sip.ovh.fr (code 200, expires 295s)
19:35:42.031            pjsua_acc.c  ....sip:0033972360682@sip.ovh.fr: registration success, status=200 (OK), will re-register in 300 seconds
2026-02-10 19:35:42,032 [INFO] sip-bridge — SIP REGISTERED — sip:0033972360682@sip.ovh.fr (code 200, expires 295s)
